# JRE version: OpenJDK Runtime Environment Temurin-21.0.12.1+1 (21.0.12.1+1) (build 21.0.12.1+1-LTS)
# Java VM: OpenJDK 64-Bit Server VM Temurin-21.0.12.1+1 (21.0.12.1+1-LTS, mixed mode, sharing, tiered, compressed oops, compressed class ptrs, parallel gc, windows-amd64)
GC Precious Log:
 CardTable entry size: 512
 CPUs: 12 total, 12 available
 Memory: 7501M
 Large Page Support: Disabled
 NUMA Support: Disabled
 Compressed Oops: Enabled (32-bit)
 Alignments: Space 512K, Generation 512K, Heap 2M
 Heap Min Capacity: 100M
 Heap Initial Capacity: 100M
 Heap Max Capacity: 2G
 Pre-touch: Disabled
 Parallel Workers: 10
Heap:
 PSYoungGen      total 15360K, used 14534K [0x00000000d5580000, 0x00000000d6680000, 0x0000000100000000)
  eden space 14336K, 95% used [0x00000000d5580000,0x00000000d62e1a10,0x00000000d6380000)
  from space 1024K, 81% used [0x00000000d6480000,0x00000000d6550020,0x00000000d6580000)
  to   space 1024K, 0% used [0x00000000d6580000,0x00000000d6580000,0x00000000d6680000)
 ParOldGen       total 68608K, used 62528K [0x0000000080000000, 0x0000000084300000, 0x00000000d5580000)
  object space 68608K, 91% used [0x0000000080000000,0x0000000083d10290,0x0000000084300000)
 Metaspace       used 65725K, committed 67264K, reserved 1114112K
  class space    used 6919K, committed 7552K, reserved 1048576K
GC Heap History (20 events):
Event: 37.532 GC heap before
{Heap before GC invocations=46 (full 3):
 PSYoungGen      total 14848K, used 14848K [0x00000000d5580000, 0x00000000d6a00000, 0x0000000100000000)
  eden space 14336K, 100% used [0x00000000d5580000,0x00000000d6380000,0x00000000d6380000)
  from space 512K, 100% used [0x00000000d6980000,0x00000000d6a00000,0x00000000d6a00000)
  to   space 2048K, 0% used [0x00000000d6600000,0x00000000d6600000,0x00000000d6800000)
 ParOldGen       total 68608K, used 53560K [0x0000000080000000, 0x0000000084300000, 0x00000000d5580000)
  object space 68608K, 78% used [0x0000000080000000,0x000000008344e3b8,0x0000000084300000)
 Metaspace       used 60384K, committed 61888K, reserved 1114112K
  class space    used 6375K, committed 7040K, reserved 1048576K
}
Event: 37.534 GC heap after
{Heap after GC invocations=46 (full 3):
 PSYoungGen      total 16384K, used 1536K [0x00000000d5580000, 0x00000000d6a00000, 0x0000000100000000)
  eden space 14336K, 0% used [0x00000000d5580000,0x00000000d5580000,0x00000000d6380000)
  from space 2048K, 75% used [0x00000000d6600000,0x00000000d6780000,0x00000000d6800000)
  to   space 2048K, 0% used [0x00000000d6800000,0x00000000d6800000,0x00000000d6a00000)
 ParOldGen       total 68608K, used 54048K [0x0000000080000000, 0x0000000084300000, 0x00000000d5580000)
  object space 68608K, 78% used [0x0000000080000000,0x00000000834c83b8,0x0000000084300000)
 Metaspace       used 60384K, committed 61888K, reserved 1114112K
  class space    used 6375K, committed 7040K, reserved 1048576K
}
Event: 38.163 GC heap before
{Heap before GC invocations=47 (full 3):
 PSYoungGen      total 16384K, used 15872K [0x00000000d5580000, 0x00000000d6a00000, 0x0000000100000000)
  eden space 14336K, 100% used [0x00000000d5580000,0x00000000d6380000,0x00000000d6380000)
  from space 2048K, 75% used [0x00000000d6600000,0x00000000d6780000,0x00000000d6800000)
  to   space 2048K, 0% used [0x00000000d6800000,0x00000000d6800000,0x00000000d6a00000)
 ParOldGen       total 68608K, used 54048K [0x0000000080000000, 0x0000000084300000, 0x00000000d5580000)
  object space 68608K, 78% used [0x0000000080000000,0x00000000834c83b8,0x0000000084300000)
 Metaspace       used 61178K, committed 62784K, reserved 1114112K
  class space    used 6454K, committed 7168K, reserved 1048576K
}
Event: 38.165 GC heap after
{Heap after GC invocations=47 (full 3):
 PSYoungGen      total 15360K, used 965K [0x00000000d5580000, 0x00000000d6900000, 0x0000000100000000)
  eden space 14336K, 0% used [0x00000000d5580000,0x00000000d5580000,0x00000000d6380000)
  from space 1024K, 94% used [0x00000000d6800000,0x00000000d68f1420,0x00000000d6900000)
  to   space 1536K, 0% used [0x00000000d6600000,0x00000000d6600000,0x00000000d6780000)
 ParOldGen       total 68608K, used 55124K [0x0000000080000000, 0x0000000084300000, 0x00000000d5580000)
  object space 68608K, 80% used [0x0000000080000000,0x00000000835d53c8,0x0000000084300000)
 Metaspace       used 61178K, committed 62784K, reserved 1114112K
  class space    used 6454K, committed 7168K, reserved 1048576K
}
Event: 39.068 GC heap before
{Heap before GC invocations=48 (full 3):
 PSYoungGen      total 15360K, used 15301K [0x00000000d5580000, 0x00000000d6900000, 0x0000000100000000)
  eden space 14336K, 99% used [0x00000000d5580000,0x00000000d637fff8,0x00000000d6380000)
  from space 1024K, 94% used [0x00000000d6800000,0x00000000d68f1420,0x00000000d6900000)
  to   space 1536K, 0% used [0x00000000d6600000,0x00000000d6600000,0x00000000d6780000)
 ParOldGen       total 68608K, used 55124K [0x0000000080000000, 0x0000000084300000, 0x00000000d5580000)
  object space 68608K, 80% used [0x0000000080000000,0x00000000835d53c8,0x0000000084300000)
 Metaspace       used 61867K, committed 63360K, reserved 1114112K
  class space    used 6514K, committed 7168K, reserved 1048576K
}
Event: 39.069 GC heap after
{Heap after GC invocations=48 (full 3):
 PSYoungGen      total 15872K, used 384K [0x00000000d5580000, 0x00000000d6880000, 0x0000000100000000)
  eden space 14336K, 0% used [0x00000000d5580000,0x00000000d5580000,0x00000000d6380000)
  from space 1536K, 25% used [0x00000000d6600000,0x00000000d6660000,0x00000000d6780000)
  to   space 1024K, 0% used [0x00000000d6780000,0x00000000d6780000,0x00000000d6880000)
 ParOldGen       total 68608K, used 55876K [0x0000000080000000, 0x0000000084300000, 0x00000000d5580000)
  object space 68608K, 81% used [0x0000000080000000,0x00000000836913c8,0x0000000084300000)
 Metaspace       used 61867K, committed 63360K, reserved 1114112K
  class space    used 6514K, committed 7168K, reserved 1048576K
}
Event: 39.829 GC heap before
{Heap before GC invocations=49 (full 3):
 PSYoungGen      total 15872K, used 14720K [0x00000000d5580000, 0x00000000d6880000, 0x0000000100000000)
  eden space 14336K, 100% used [0x00000000d5580000,0x00000000d6380000,0x00000000d6380000)
  from space 1536K, 25% used [0x00000000d6600000,0x00000000d6660000,0x00000000d6780000)
  to   space 1024K, 0% used [0x00000000d6780000,0x00000000d6780000,0x00000000d6880000)
 ParOldGen       total 68608K, used 55876K [0x0000000080000000, 0x0000000084300000, 0x00000000d5580000)
  object space 68608K, 81% used [0x0000000080000000,0x00000000836913c8,0x0000000084300000)
 Metaspace       used 62175K, committed 63680K, reserved 1114112K
  class space    used 6550K, committed 7232K, reserved 1048576K
}
Event: 39.831 GC heap after
{Heap after GC invocations=49 (full 3):
 PSYoungGen      total 14848K, used 352K [0x00000000d5580000, 0x00000000d6800000, 0x0000000100000000)
  eden space 14336K, 0% used [0x00000000d5580000,0x00000000d5580000,0x00000000d6380000)
  from space 512K, 68% used [0x00000000d6780000,0x00000000d67d8000,0x00000000d6800000)
  to   space 512K, 0% used [0x00000000d6700000,0x00000000d6700000,0x00000000d6780000)
 ParOldGen       total 68608K, used 56090K [0x0000000080000000, 0x0000000084300000, 0x00000000d5580000)
  object space 68608K, 81% used [0x0000000080000000,0x00000000836c6b90,0x0000000084300000)
 Metaspace       used 62175K, committed 63680K, reserved 1114112K
  class space    used 6550K, committed 7232K, reserved 1048576K
}
Event: 40.284 GC heap before
{Heap before GC invocations=50 (full 3):
 PSYoungGen      total 14848K, used 14688K [0x00000000d5580000, 0x00000000d6800000, 0x0000000100000000)
  eden space 14336K, 100% used [0x00000000d5580000,0x00000000d6380000,0x00000000d6380000)
  from space 512K, 68% used [0x00000000d6780000,0x00000000d67d8000,0x00000000d6800000)
  to   space 512K, 0% used [0x00000000d6700000,0x00000000d6700000,0x00000000d6780000)
 ParOldGen       total 68608K, used 56090K [0x0000000080000000, 0x0000000084300000, 0x00000000d5580000)
  object space 68608K, 81% used [0x0000000080000000,0x00000000836c6b90,0x0000000084300000)
 Metaspace       used 63350K, committed 64832K, reserved 1114112K
  class space    used 6715K, committed 7360K, reserved 1048576K
}
Event: 40.285 GC heap after
{Heap after GC invocations=50 (full 3):
 PSYoungGen      total 14848K, used 480K [0x00000000d5580000, 0x00000000d6800000, 0x0000000100000000)
  eden space 14336K, 0% used [0x00000000d5580000,0x00000000d5580000,0x00000000d6380000)
  from space 512K, 93% used [0x00000000d6700000,0x00000000d6778040,0x00000000d6780000)
  to   space 512K, 0% used [0x00000000d6780000,0x00000000d6780000,0x00000000d6800000)
 ParOldGen       total 68608K, used 56293K [0x0000000080000000, 0x0000000084300000, 0x00000000d5580000)
  object space 68608K, 82% used [0x0000000080000000,0x00000000836f9598,0x0000000084300000)
 Metaspace       used 63350K, committed 64832K, reserved 1114112K
  class space    used 6715K, committed 7360K, reserved 1048576K
}
Event: 40.381 GC heap before
{Heap before GC invocations=51 (full 3):
 PSYoungGen      total 14848K, used 14816K [0x00000000d5580000, 0x00000000d6800000, 0x0000000100000000)
  eden space 14336K, 100% used [0x00000000d5580000,0x00000000d6380000,0x00000000d6380000)
  from space 512K, 93% used [0x00000000d6700000,0x00000000d6778040,0x00000000d6780000)
  to   space 512K, 0% used [0x00000000d6780000,0x00000000d6780000,0x00000000d6800000)
 ParOldGen       total 68608K, used 56293K [0x0000000080000000, 0x0000000084300000, 0x00000000d5580000)
  object space 68608K, 82% used [0x0000000080000000,0x00000000836f9598,0x0000000084300000)
 Metaspace       used 64461K, committed 66048K, reserved 1114112K
  class space    used 6823K, committed 7488K, reserved 1048576K
}
Event: 40.385 GC heap after
{Heap after GC invocations=51 (full 3):
 PSYoungGen      total 14848K, used 499K [0x00000000d5580000, 0x00000000d6a80000, 0x0000000100000000)
  eden space 14336K, 0% used [0x00000000d5580000,0x00000000d5580000,0x00000000d6380000)
  from space 512K, 97% used [0x00000000d6780000,0x00000000d67fccb0,0x00000000d6800000)
  to   space 3584K, 0% used [0x00000000d6380000,0x00000000d6380000,0x00000000d6700000)
 ParOldGen       total 68608K, used 58590K [0x0000000080000000, 0x0000000084300000, 0x00000000d5580000)
  object space 68608K, 85% used [0x0000000080000000,0x0000000083937ba8,0x0000000084300000)
 Metaspace       used 64461K, committed 66048K, reserved 1114112K
  class space    used 6823K, committed 7488K, reserved 1048576K
}
Event: 40.442 GC heap before
{Heap before GC invocations=52 (full 3):
 PSYoungGen      total 14848K, used 14835K [0x00000000d5580000, 0x00000000d6a80000, 0x0000000100000000)
  eden space 14336K, 100% used [0x00000000d5580000,0x00000000d6380000,0x00000000d6380000)
  from space 512K, 97% used [0x00000000d6780000,0x00000000d67fccb0,0x00000000d6800000)
  to   space 3584K, 0% used [0x00000000d6380000,0x00000000d6380000,0x00000000d6700000)
 ParOldGen       total 68608K, used 58590K [0x0000000080000000, 0x0000000084300000, 0x00000000d5580000)
  object space 68608K, 85% used [0x0000000080000000,0x0000000083937ba8,0x0000000084300000)
 Metaspace       used 64904K, committed 66368K, reserved 1114112K
  class space    used 6867K, committed 7488K, reserved 1048576K
}
Event: 40.444 GC heap after
{Heap after GC invocations=52 (full 3):
 PSYoungGen      total 17920K, used 3064K [0x00000000d5580000, 0x00000000d6a80000, 0x0000000100000000)
  eden space 14336K, 0% used [0x00000000d5580000,0x00000000d5580000,0x00000000d6380000)
  from space 3584K, 85% used [0x00000000d6380000,0x00000000d667e058,0x00000000d6700000)
  to   space 3584K, 0% used [0x00000000d6700000,0x00000000d6700000,0x00000000d6a80000)
 ParOldGen       total 68608K, used 58968K [0x0000000080000000, 0x0000000084300000, 0x00000000d5580000)
  object space 68608K, 85% used [0x0000000080000000,0x0000000083996228,0x0000000084300000)
 Metaspace       used 64904K, committed 66368K, reserved 1114112K
  class space    used 6867K, committed 7488K, reserved 1048576K
}
Event: 40.523 GC heap before
{Heap before GC invocations=53 (full 3):
 PSYoungGen      total 17920K, used 17400K [0x00000000d5580000, 0x00000000d6a80000, 0x0000000100000000)
  eden space 14336K, 100% used [0x00000000d5580000,0x00000000d6380000,0x00000000d6380000)
  from space 3584K, 85% used [0x00000000d6380000,0x00000000d667e058,0x00000000d6700000)
  to   space 3584K, 0% used [0x00000000d6700000,0x00000000d6700000,0x00000000d6a80000)
 ParOldGen       total 68608K, used 58968K [0x0000000080000000, 0x0000000084300000, 0x00000000d5580000)
  object space 68608K, 85% used [0x0000000080000000,0x0000000083996228,0x0000000084300000)
 Metaspace       used 64906K, committed 66432K, reserved 1114112K
  class space    used 6867K, committed 7488K, reserved 1048576K
}
Event: 40.525 GC heap after
{Heap after GC invocations=53 (full 3):
 PSYoungGen      total 14848K, used 320K [0x00000000d5580000, 0x00000000d6780000, 0x0000000100000000)
  eden space 14336K, 0% used [0x00000000d5580000,0x00000000d5580000,0x00000000d6380000)
  from space 512K, 62% used [0x00000000d6700000,0x00000000d6750000,0x00000000d6780000)
  to   space 1536K, 0% used [0x00000000d6480000,0x00000000d6480000,0x00000000d6600000)
 ParOldGen       total 68608K, used 60864K [0x0000000080000000, 0x0000000084300000, 0x00000000d5580000)
  object space 68608K, 88% used [0x0000000080000000,0x0000000083b70228,0x0000000084300000)
 Metaspace       used 64906K, committed 66432K, reserved 1114112K
  class space    used 6867K, committed 7488K, reserved 1048576K
}
Event: 40.599 GC heap before
{Heap before GC invocations=54 (full 3):
 PSYoungGen      total 14848K, used 14656K [0x00000000d5580000, 0x00000000d6780000, 0x0000000100000000)
  eden space 14336K, 100% used [0x00000000d5580000,0x00000000d6380000,0x00000000d6380000)
  from space 512K, 62% used [0x00000000d6700000,0x00000000d6750000,0x00000000d6780000)
  to   space 1536K, 0% used [0x00000000d6480000,0x00000000d6480000,0x00000000d6600000)
 ParOldGen       total 68608K, used 60864K [0x0000000080000000, 0x0000000084300000, 0x00000000d5580000)
  object space 68608K, 88% used [0x0000000080000000,0x0000000083b70228,0x0000000084300000)
 Metaspace       used 64927K, committed 66432K, reserved 1114112K
  class space    used 6871K, committed 7488K, reserved 1048576K
}
Event: 40.600 GC heap after
{Heap after GC invocations=54 (full 3):
 PSYoungGen      total 15872K, used 1336K [0x00000000d5580000, 0x00000000d6780000, 0x0000000100000000)
  eden space 14336K, 0% used [0x00000000d5580000,0x00000000d5580000,0x00000000d6380000)
  from space 1536K, 86% used [0x00000000d6480000,0x00000000d65ce058,0x00000000d6600000)
  to   space 1536K, 0% used [0x00000000d6600000,0x00000000d6600000,0x00000000d6780000)
 ParOldGen       total 68608K, used 60976K [0x0000000080000000, 0x0000000084300000, 0x00000000d5580000)
  object space 68608K, 88% used [0x0000000080000000,0x0000000083b8c228,0x0000000084300000)
 Metaspace       used 64927K, committed 66432K, reserved 1114112K
  class space    used 6871K, committed 7488K, reserved 1048576K
}
Event: 40.684 GC heap before
{Heap before GC invocations=55 (full 3):
 PSYoungGen      total 15872K, used 15672K [0x00000000d5580000, 0x00000000d6780000, 0x0000000100000000)
  eden space 14336K, 100% used [0x00000000d5580000,0x00000000d6380000,0x00000000d6380000)
  from space 1536K, 86% used [0x00000000d6480000,0x00000000d65ce058,0x00000000d6600000)
  to   space 1536K, 0% used [0x00000000d6600000,0x00000000d6600000,0x00000000d6780000)
 ParOldGen       total 68608K, used 60976K [0x0000000080000000, 0x0000000084300000, 0x00000000d5580000)
  object space 68608K, 88% used [0x0000000080000000,0x0000000083b8c228,0x0000000084300000)
 Metaspace       used 65049K, committed 66560K, reserved 1114112K
  class space    used 6881K, committed 7488K, reserved 1048576K
}
Event: 40.685 GC heap after
{Heap after GC invocations=55 (full 3):
 PSYoungGen      total 14848K, used 512K [0x00000000d5580000, 0x00000000d6680000, 0x0000000100000000)
  eden space 14336K, 0% used [0x00000000d5580000,0x00000000d5580000,0x00000000d6380000)
  from space 512K, 100% used [0x00000000d6600000,0x00000000d6680000,0x00000000d6680000)
  to   space 1024K, 0% used [0x00000000d6480000,0x00000000d6480000,0x00000000d6580000)
 ParOldGen       total 68608K, used 62240K [0x0000000080000000, 0x0000000084300000, 0x00000000d5580000)
  object space 68608K, 90% used [0x0000000080000000,0x0000000083cc8290,0x0000000084300000)
 Metaspace       used 65049K, committed 66560K, reserved 1114112K
  class space    used 6881K, committed 7488K, reserved 1048576K
}

