# JRE version: OpenJDK Runtime Environment Temurin-21.0.12.1+1 (21.0.12.1+1) (build 21.0.12.1+1-LTS)
# Java VM: OpenJDK 64-Bit Server VM Temurin-21.0.12.1+1 (21.0.12.1+1-LTS, mixed mode, sharing, tiered, compressed oops, compressed class ptrs, parallel gc, windows-amd64)
GC Precious Log:
 CardTable entry size: 512
 CPUs: 12 total, 12 available
 Memory: 7501M
 Large Page Support: Disabled
 NUMA Support: Disabled
 Compressed Oops: Enabled (32-bit)
 Alignments: Space 512K, Generation 512K, Heap 2M
 Heap Min Capacity: 100M
 Heap Initial Capacity: 100M
 Heap Max Capacity: 2G
 Pre-touch: Disabled
 Parallel Workers: 10
Heap:
 PSYoungGen      total 9216K, used 1907K [0x00000000d5580000, 0x00000000d6080000, 0x0000000100000000)
  eden space 8192K, 15% used [0x00000000d5580000,0x00000000d56c2028,0x00000000d5d80000)
  from space 1024K, 60% used [0x00000000d5f80000,0x00000000d601ac88,0x00000000d6080000)
  to   space 1024K, 0% used [0x00000000d5e80000,0x00000000d5e80000,0x00000000d5f80000)
 ParOldGen       total 181760K, used 181724K [0x0000000080000000, 0x000000008b180000, 0x00000000d5580000)
  object space 181760K, 99% used [0x0000000080000000,0x000000008b177218,0x000000008b180000)
 Metaspace       used 71283K, committed 72896K, reserved 1114112K
  class space    used 7407K, committed 8128K, reserved 1048576K
GC Heap History (20 events):
Event: 51.945 GC heap before
{Heap before GC invocations=160 (full 3):
 PSYoungGen      total 9728K, used 9644K [0x00000000d5580000, 0x00000000d6180000, 0x0000000100000000)
  eden space 9216K, 99% used [0x00000000d5580000,0x00000000d5e6b240,0x00000000d5e80000)
  from space 512K, 100% used [0x00000000d6080000,0x00000000d6100000,0x00000000d6100000)
  to   space 1536K, 0% used [0x00000000d5e80000,0x00000000d5e80000,0x00000000d6000000)
 ParOldGen       total 176128K, used 176109K [0x0000000080000000, 0x000000008ac00000, 0x00000000d5580000)
  object space 176128K, 99% used [0x0000000080000000,0x000000008abfb738,0x000000008ac00000)
 Metaspace       used 67156K, committed 68736K, reserved 1114112K
  class space    used 7045K, committed 7744K, reserved 1048576K
}
Event: 51.948 GC heap after
{Heap after GC invocations=160 (full 3):
 PSYoungGen      total 10752K, used 1517K [0x00000000d5580000, 0x00000000d6380000, 0x0000000100000000)
  eden space 9216K, 0% used [0x00000000d5580000,0x00000000d5580000,0x00000000d5e80000)
  from space 1536K, 98% used [0x00000000d5e80000,0x00000000d5ffb670,0x00000000d6000000)
  to   space 2560K, 0% used [0x00000000d6100000,0x00000000d6100000,0x00000000d6380000)
 ParOldGen       total 177152K, used 176729K [0x0000000080000000, 0x000000008ad00000, 0x00000000d5580000)
  object space 177152K, 99% used [0x0000000080000000,0x000000008ac96638,0x000000008ad00000)
 Metaspace       used 67156K, committed 68736K, reserved 1114112K
  class space    used 7045K, committed 7744K, reserved 1048576K
}
Event: 51.987 GC heap before
{Heap before GC invocations=161 (full 3):
 PSYoungGen      total 10752K, used 10565K [0x00000000d5580000, 0x00000000d6380000, 0x0000000100000000)
  eden space 9216K, 98% used [0x00000000d5580000,0x00000000d5e560c8,0x00000000d5e80000)
  from space 1536K, 98% used [0x00000000d5e80000,0x00000000d5ffb670,0x00000000d6000000)
  to   space 2560K, 0% used [0x00000000d6100000,0x00000000d6100000,0x00000000d6380000)
 ParOldGen       total 177152K, used 176729K [0x0000000080000000, 0x000000008ad00000, 0x00000000d5580000)
  object space 177152K, 99% used [0x0000000080000000,0x000000008ac96638,0x000000008ad00000)
 Metaspace       used 67198K, committed 68800K, reserved 1114112K
  class space    used 7046K, committed 7744K, reserved 1048576K
}
Event: 51.991 GC heap after
{Heap after GC invocations=161 (full 3):
 PSYoungGen      total 11264K, used 1566K [0x00000000d5580000, 0x00000000d6300000, 0x0000000100000000)
  eden space 9216K, 0% used [0x00000000d5580000,0x00000000d5580000,0x00000000d5e80000)
  from space 2048K, 76% used [0x00000000d6100000,0x00000000d6287900,0x00000000d6300000)
  to   space 2048K, 0% used [0x00000000d5f00000,0x00000000d5f00000,0x00000000d6100000)
 ParOldGen       total 178688K, used 178264K [0x0000000080000000, 0x000000008ae80000, 0x00000000d5580000)
  object space 178688K, 99% used [0x0000000080000000,0x000000008ae16070,0x000000008ae80000)
 Metaspace       used 67198K, committed 68800K, reserved 1114112K
  class space    used 7046K, committed 7744K, reserved 1048576K
}
Event: 52.038 GC heap before
{Heap before GC invocations=162 (full 3):
 PSYoungGen      total 11264K, used 10782K [0x00000000d5580000, 0x00000000d6300000, 0x0000000100000000)
  eden space 9216K, 100% used [0x00000000d5580000,0x00000000d5e80000,0x00000000d5e80000)
  from space 2048K, 76% used [0x00000000d6100000,0x00000000d6287900,0x00000000d6300000)
  to   space 2048K, 0% used [0x00000000d5f00000,0x00000000d5f00000,0x00000000d6100000)
 ParOldGen       total 178688K, used 178264K [0x0000000080000000, 0x000000008ae80000, 0x00000000d5580000)
  object space 178688K, 99% used [0x0000000080000000,0x000000008ae16070,0x000000008ae80000)
 Metaspace       used 67216K, committed 68800K, reserved 1114112K
  class space    used 7046K, committed 7744K, reserved 1048576K
}
Event: 52.041 GC heap after
{Heap after GC invocations=162 (full 3):
 PSYoungGen      total 10752K, used 1129K [0x00000000d5580000, 0x00000000d6180000, 0x0000000100000000)
  eden space 9216K, 0% used [0x00000000d5580000,0x00000000d5580000,0x00000000d5e80000)
  from space 1536K, 73% used [0x00000000d5f00000,0x00000000d601a400,0x00000000d6080000)
  to   space 1024K, 0% used [0x00000000d6080000,0x00000000d6080000,0x00000000d6180000)
 ParOldGen       total 179200K, used 178923K [0x0000000080000000, 0x000000008af00000, 0x00000000d5580000)
  object space 179200K, 99% used [0x0000000080000000,0x000000008aebadb8,0x000000008af00000)
 Metaspace       used 67216K, committed 68800K, reserved 1114112K
  class space    used 7046K, committed 7744K, reserved 1048576K
}
Event: 52.091 GC heap before
{Heap before GC invocations=163 (full 3):
 PSYoungGen      total 10752K, used 10222K [0x00000000d5580000, 0x00000000d6180000, 0x0000000100000000)
  eden space 9216K, 98% used [0x00000000d5580000,0x00000000d5e61588,0x00000000d5e80000)
  from space 1536K, 73% used [0x00000000d5f00000,0x00000000d601a400,0x00000000d6080000)
  to   space 1024K, 0% used [0x00000000d6080000,0x00000000d6080000,0x00000000d6180000)
 ParOldGen       total 179200K, used 178923K [0x0000000080000000, 0x000000008af00000, 0x00000000d5580000)
  object space 179200K, 99% used [0x0000000080000000,0x000000008aebadb8,0x000000008af00000)
 Metaspace       used 67228K, committed 68800K, reserved 1114112K
  class space    used 7047K, committed 7744K, reserved 1048576K
}
Event: 52.093 GC heap after
{Heap after GC invocations=163 (full 3):
 PSYoungGen      total 10240K, used 1001K [0x00000000d5580000, 0x00000000d6180000, 0x0000000100000000)
  eden space 9216K, 0% used [0x00000000d5580000,0x00000000d5580000,0x00000000d5e80000)
  from space 1024K, 97% used [0x00000000d6080000,0x00000000d617a6f8,0x00000000d6180000)
  to   space 1536K, 0% used [0x00000000d5e80000,0x00000000d5e80000,0x00000000d6000000)
 ParOldGen       total 179712K, used 179219K [0x0000000080000000, 0x000000008af80000, 0x00000000d5580000)
  object space 179712K, 99% used [0x0000000080000000,0x000000008af04db8,0x000000008af80000)
 Metaspace       used 67228K, committed 68800K, reserved 1114112K
  class space    used 7047K, committed 7744K, reserved 1048576K
}
Event: 52.136 GC heap before
{Heap before GC invocations=164 (full 3):
 PSYoungGen      total 10240K, used 10121K [0x00000000d5580000, 0x00000000d6180000, 0x0000000100000000)
  eden space 9216K, 98% used [0x00000000d5580000,0x00000000d5e67f48,0x00000000d5e80000)
  from space 1024K, 97% used [0x00000000d6080000,0x00000000d617a6f8,0x00000000d6180000)
  to   space 1536K, 0% used [0x00000000d5e80000,0x00000000d5e80000,0x00000000d6000000)
 ParOldGen       total 179712K, used 179219K [0x0000000080000000, 0x000000008af80000, 0x00000000d5580000)
  object space 179712K, 99% used [0x0000000080000000,0x000000008af04db8,0x000000008af80000)
 Metaspace       used 67230K, committed 68800K, reserved 1114112K
  class space    used 7047K, committed 7744K, reserved 1048576K
}
Event: 52.138 GC heap after
{Heap after GC invocations=164 (full 3):
 PSYoungGen      total 10752K, used 1209K [0x00000000d5580000, 0x00000000d6180000, 0x0000000100000000)
  eden space 9216K, 0% used [0x00000000d5580000,0x00000000d5580000,0x00000000d5e80000)
  from space 1536K, 78% used [0x00000000d5e80000,0x00000000d5fae758,0x00000000d6000000)
  to   space 1536K, 0% used [0x00000000d6000000,0x00000000d6000000,0x00000000d6180000)
 ParOldGen       total 179712K, used 179425K [0x0000000080000000, 0x000000008af80000, 0x00000000d5580000)
  object space 179712K, 99% used [0x0000000080000000,0x000000008af38538,0x000000008af80000)
 Metaspace       used 67230K, committed 68800K, reserved 1114112K
  class space    used 7047K, committed 7744K, reserved 1048576K
}
Event: 52.363 GC heap before
{Heap before GC invocations=165 (full 3):
 PSYoungGen      total 10752K, used 10425K [0x00000000d5580000, 0x00000000d6180000, 0x0000000100000000)
  eden space 9216K, 100% used [0x00000000d5580000,0x00000000d5e80000,0x00000000d5e80000)
  from space 1536K, 78% used [0x00000000d5e80000,0x00000000d5fae758,0x00000000d6000000)
  to   space 1536K, 0% used [0x00000000d6000000,0x00000000d6000000,0x00000000d6180000)
 ParOldGen       total 179712K, used 179425K [0x0000000080000000, 0x000000008af80000, 0x00000000d5580000)
  object space 179712K, 99% used [0x0000000080000000,0x000000008af38538,0x000000008af80000)
 Metaspace       used 68711K, committed 70272K, reserved 1114112K
  class space    used 7179K, committed 7872K, reserved 1048576K
}
Event: 52.365 GC heap after
{Heap after GC invocations=165 (full 3):
 PSYoungGen      total 9728K, used 320K [0x00000000d5580000, 0x00000000d6080000, 0x0000000100000000)
  eden space 9216K, 0% used [0x00000000d5580000,0x00000000d5580000,0x00000000d5e80000)
  from space 512K, 62% used [0x00000000d6000000,0x00000000d6050000,0x00000000d6080000)
  to   space 1024K, 0% used [0x00000000d5e80000,0x00000000d5e80000,0x00000000d5f80000)
 ParOldGen       total 179712K, used 179433K [0x0000000080000000, 0x000000008af80000, 0x00000000d5580000)
  object space 179712K, 99% used [0x0000000080000000,0x000000008af3a538,0x000000008af80000)
 Metaspace       used 68711K, committed 70272K, reserved 1114112K
  class space    used 7179K, committed 7872K, reserved 1048576K
}
Event: 52.461 GC heap before
{Heap before GC invocations=166 (full 3):
 PSYoungGen      total 9728K, used 9535K [0x00000000d5580000, 0x00000000d6080000, 0x0000000100000000)
  eden space 9216K, 99% used [0x00000000d5580000,0x00000000d5e7ffa8,0x00000000d5e80000)
  from space 512K, 62% used [0x00000000d6000000,0x00000000d6050000,0x00000000d6080000)
  to   space 1024K, 0% used [0x00000000d5e80000,0x00000000d5e80000,0x00000000d5f80000)
 ParOldGen       total 179712K, used 179433K [0x0000000080000000, 0x000000008af80000, 0x00000000d5580000)
  object space 179712K, 99% used [0x0000000080000000,0x000000008af3a538,0x000000008af80000)
 Metaspace       used 69310K, committed 70848K, reserved 1114112K
  class space    used 7223K, committed 7936K, reserved 1048576K
}
Event: 52.464 GC heap after
{Heap after GC invocations=166 (full 3):
 PSYoungGen      total 10240K, used 737K [0x00000000d5580000, 0x00000000d6080000, 0x0000000100000000)
  eden space 9216K, 0% used [0x00000000d5580000,0x00000000d5580000,0x00000000d5e80000)
  from space 1024K, 72% used [0x00000000d5e80000,0x00000000d5f38650,0x00000000d5f80000)
  to   space 1024K, 0% used [0x00000000d5f80000,0x00000000d5f80000,0x00000000d6080000)
 ParOldGen       total 179712K, used 179633K [0x0000000080000000, 0x000000008af80000, 0x00000000d5580000)
  object space 179712K, 99% used [0x0000000080000000,0x000000008af6c538,0x000000008af80000)
 Metaspace       used 69310K, committed 70848K, reserved 1114112K
  class space    used 7223K, committed 7936K, reserved 1048576K
}
Event: 52.653 GC heap before
{Heap before GC invocations=167 (full 3):
 PSYoungGen      total 10240K, used 9953K [0x00000000d5580000, 0x00000000d6080000, 0x0000000100000000)
  eden space 9216K, 100% used [0x00000000d5580000,0x00000000d5e80000,0x00000000d5e80000)
  from space 1024K, 72% used [0x00000000d5e80000,0x00000000d5f38650,0x00000000d5f80000)
  to   space 1024K, 0% used [0x00000000d5f80000,0x00000000d5f80000,0x00000000d6080000)
 ParOldGen       total 179712K, used 179633K [0x0000000080000000, 0x000000008af80000, 0x00000000d5580000)
  object space 179712K, 99% used [0x0000000080000000,0x000000008af6c538,0x000000008af80000)
 Metaspace       used 70051K, committed 71616K, reserved 1114112K
  class space    used 7288K, committed 8000K, reserved 1048576K
}
Event: 52.656 GC heap after
{Heap after GC invocations=167 (full 3):
 PSYoungGen      total 9216K, used 992K [0x00000000d5580000, 0x00000000d6280000, 0x0000000100000000)
  eden space 8192K, 0% used [0x00000000d5580000,0x00000000d5580000,0x00000000d5d80000)
  from space 1024K, 96% used [0x00000000d5f80000,0x00000000d6078020,0x00000000d6080000)
  to   space 2048K, 0% used [0x00000000d5d80000,0x00000000d5d80000,0x00000000d5f80000)
 ParOldGen       total 180736K, used 180303K [0x0000000080000000, 0x000000008b080000, 0x00000000d5580000)
  object space 180736K, 99% used [0x0000000080000000,0x000000008b013e28,0x000000008b080000)
 Metaspace       used 70051K, committed 71616K, reserved 1114112K
  class space    used 7288K, committed 8000K, reserved 1048576K
}
Event: 52.810 GC heap before
{Heap before GC invocations=168 (full 3):
 PSYoungGen      total 9216K, used 9184K [0x00000000d5580000, 0x00000000d6280000, 0x0000000100000000)
  eden space 8192K, 100% used [0x00000000d5580000,0x00000000d5d80000,0x00000000d5d80000)
  from space 1024K, 96% used [0x00000000d5f80000,0x00000000d6078020,0x00000000d6080000)
  to   space 2048K, 0% used [0x00000000d5d80000,0x00000000d5d80000,0x00000000d5f80000)
 ParOldGen       total 180736K, used 180303K [0x0000000080000000, 0x000000008b080000, 0x00000000d5580000)
  object space 180736K, 99% used [0x0000000080000000,0x000000008b013e28,0x000000008b080000)
 Metaspace       used 70578K, committed 72128K, reserved 1114112K
  class space    used 7352K, committed 8064K, reserved 1048576K
}
Event: 52.814 GC heap after
{Heap after GC invocations=168 (full 3):
 PSYoungGen      total 10240K, used 1587K [0x00000000d5580000, 0x00000000d6180000, 0x0000000100000000)
  eden space 8192K, 0% used [0x00000000d5580000,0x00000000d5580000,0x00000000d5d80000)
  from space 2048K, 77% used [0x00000000d5d80000,0x00000000d5f0cdd8,0x00000000d5f80000)
  to   space 2048K, 0% used [0x00000000d5f80000,0x00000000d5f80000,0x00000000d6180000)
 ParOldGen       total 181760K, used 181284K [0x0000000080000000, 0x000000008b180000, 0x00000000d5580000)
  object space 181760K, 99% used [0x0000000080000000,0x000000008b109218,0x000000008b180000)
 Metaspace       used 70578K, committed 72128K, reserved 1114112K
  class space    used 7352K, committed 8064K, reserved 1048576K
}
Event: 5178.703 GC heap before
{Heap before GC invocations=169 (full 3):
 PSYoungGen      total 10240K, used 9779K [0x00000000d5580000, 0x00000000d6180000, 0x0000000100000000)
  eden space 8192K, 100% used [0x00000000d5580000,0x00000000d5d80000,0x00000000d5d80000)
  from space 2048K, 77% used [0x00000000d5d80000,0x00000000d5f0cdd8,0x00000000d5f80000)
  to   space 2048K, 0% used [0x00000000d5f80000,0x00000000d5f80000,0x00000000d6180000)
 ParOldGen       total 181760K, used 181284K [0x0000000080000000, 0x000000008b180000, 0x00000000d5580000)
  object space 181760K, 99% used [0x0000000080000000,0x000000008b109218,0x000000008b180000)
 Metaspace       used 71199K, committed 72768K, reserved 1114112K
  class space    used 7407K, committed 8128K, reserved 1048576K
}
Event: 5179.000 GC heap after
{Heap after GC invocations=169 (full 3):
 PSYoungGen      total 9216K, used 619K [0x00000000d5580000, 0x00000000d6080000, 0x0000000100000000)
  eden space 8192K, 0% used [0x00000000d5580000,0x00000000d5580000,0x00000000d5d80000)
  from space 1024K, 60% used [0x00000000d5f80000,0x00000000d601ac88,0x00000000d6080000)
  to   space 1024K, 0% used [0x00000000d5e80000,0x00000000d5e80000,0x00000000d5f80000)
 ParOldGen       total 181760K, used 181724K [0x0000000080000000, 0x000000008b180000, 0x00000000d5580000)
  object space 181760K, 99% used [0x0000000080000000,0x000000008b177218,0x000000008b180000)
 Metaspace       used 71199K, committed 72768K, reserved 1114112K
  class space    used 7407K, committed 8128K, reserved 1048576K
}

